<?xml version="1.0" encoding="UTF-8"?>
<testsuites name="Login and reg" time="19.583" tests="5" failures="0" errors="1">
   <testsuite name="Login and reg" tests="5" failures="0" errors="1" time="19.583" skipped="0" timestamp="2022-03-21 15:19:58" hostname="Poonam.S - PoonamS-LP.aptl.in" id="Test Suites/Login and reg">
      <properties>
         <property name="deviceName" value=""/>
         <property name="devicePlatform" value=""/>
         <property name="logFolder" value="D:\\OneDrive - Aurum Platz IT Pvt Ltd\\Katalon TC\\Orize\\Orize\\Orize\\Reports\\20220321_151955\\Login and reg\\20220321_151955"/>
         <property name="logFiles" value="D:\\OneDrive - Aurum Platz IT Pvt Ltd\\Katalon TC\\Orize\\Orize\\Orize\\Reports\\20220321_151955\\Login and reg\\20220321_151955\\execution0.log"/>
         <property name="attachments" value=""/>
         <property name="hostName" value="Poonam.S - PoonamS-LP.aptl.in"/>
         <property name="os" value="Windows 10 64bit"/>
         <property name="katalonVersion" value="8.2.5.208"/>
         <property name="browser" value="Chrome 99.0.4844.74"/>
         <property name="hostAddress" value="192.168.75.18"/>
         <property name="sessionId" value="6d3b2aca3ec5af762d49712f0f0aa40a"/>
         <property name="seleniumVersion" value="3.141.59"/>
         <property name="proxyInformation" value="ProxyInformation { proxyOption=NO_PROXY, proxyServerType=HTTP, username=, password=********, proxyServerAddress=, proxyServerPort=0, executionList=&quot;&quot;, isApplyToDesiredCapabilities=true }"/>
         <property name="platform" value="Windows 10"/>
      </properties>
      <testcase name="Test Cases/New Test Case (7)" time="0.339" classname="Test Cases/New Test Case (7)" status="PASSED">
         <system-out><![CDATA[2022-03-21 15:19:58 - [TEST_CASE][PASSED] - Test Cases/New Test Case (7): Test Cases/New Test Case (7)

2022-03-21 15:19:58 - [TEST_STEP][PASSED] - return null: null]]></system-out>
         <system-err><![CDATA[]]></system-err>
      </testcase>
      <testcase name="Test Cases/New Test Case (8)" time="0.358" classname="Test Cases/New Test Case (8)" status="PASSED">
         <system-out><![CDATA[2022-03-21 15:19:58 - [TEST_CASE][PASSED] - Test Cases/New Test Case (8): Test Cases/New Test Case (8)

2022-03-21 15:19:58 - [TEST_STEP][PASSED] - return null: null]]></system-out>
         <system-err><![CDATA[]]></system-err>
      </testcase>
      <testcase name="Test Cases/New Test Case (9)" time="9.31" classname="Test Cases/New Test Case (9)" status="PASSED">
         <system-out><![CDATA[2022-03-21 15:19:59 - [TEST_CASE][PASSED] - Test Cases/New Test Case (9): Test Cases/New Test Case (9)

2022-03-21 15:19:59 - [TEST_STEP][PASSED] - openBrowser(""): Browser is opened with url: ''

2022-03-21 15:19:59 - [MESSAGE][INFO] - Starting 'Chrome' driver

2022-03-21 15:19:59 - [MESSAGE][INFO] - Action delay is set to 0 milliseconds

2022-03-21 15:20:01 - [MESSAGE][PASSED] - Browser is opened with url: ''

2022-03-21 15:20:01 - [TEST_STEP][PASSED] - navigateToUrl("https://admin.eazr.one/#/login?redirect=%2Fdashboard"): Navigate to 'https://admin.eazr.one/#/login?redirect=%2Fdashboard' successfully

2022-03-21 15:20:06 - [MESSAGE][PASSED] - Navigate to 'https://admin.eazr.one/#/login?redirect=%2Fdashboard' successfully

2022-03-21 15:20:06 - [TEST_STEP][PASSED] - maximizeWindow(): Current window maximized

2022-03-21 15:20:06 - [MESSAGE][PASSED] - Current window maximized

2022-03-21 15:20:06 - [TEST_STEP][PASSED] - setText(findTestObject("Object Repository/Page_Orize Admin/input_Welcome To Orize Admin Portal_email"), "ruchitatatkare123@gmail.com"): Text 'ruchitatatkare123@gmail.com' is set on object 'Object Repository/Page_Orize Admin/input_Welcome To Orize Admin Portal_email'

2022-03-21 15:20:07 - [MESSAGE][PASSED] - Text 'ruchitatatkare123@gmail.com' is set on object 'Object Repository/Page_Orize Admin/input_Welcome To Orize Admin Portal_email'

2022-03-21 15:20:07 - [TEST_STEP][PASSED] - setEncryptedText(findTestObject("Object Repository/Page_Orize Admin/input_Welcome To Orize Admin Portal_password"), "nMriJaOmLOTs9IPs1bV6Hg=="): Text ****** has been set on object 'Object Repository/Page_Orize Admin/input_Welcome To Orize Admin Portal_password'

2022-03-21 15:20:07 - [MESSAGE][PASSED] - Text ****** has been set on object 'Object Repository/Page_Orize Admin/input_Welcome To Orize Admin Portal_password'

2022-03-21 15:20:07 - [TEST_STEP][PASSED] - click(findTestObject("Object Repository/Page_Orize Admin/button_Login To Proceed")): Object: 'Object Repository/Page_Orize Admin/button_Login To Proceed' is clicked on

2022-03-21 15:20:08 - [MESSAGE][PASSED] - Object: 'Object Repository/Page_Orize Admin/button_Login To Proceed' is clicked on]]></system-out>
         <system-err><![CDATA[]]></system-err>
      </testcase>
      <testcase name="Test Cases/New Test Case" time="0.48" classname="Test Cases/New Test Case" status="PASSED">
         <system-out><![CDATA[2022-03-21 15:20:08 - [TEST_CASE][PASSED] - Test Cases/New Test Case: Test Cases/New Test Case

2022-03-21 15:20:08 - [TEST_STEP][PASSED] - return null: null]]></system-out>
         <system-err><![CDATA[]]></system-err>
      </testcase>
      <testcase name="Test Cases/Poonam Test Case (10)" time="2.019" classname="Test Cases/Poonam Test Case (10)" status="ERROR">
         <error type="ERROR" message="Test Cases/Poonam Test Case (10) FAILED.
Reason:
groovy.lang.MissingPropertyException: No such property: findTestObject for class: Script1647853614048
	at Poonam Test Case (10).run(Poonam Test Case (10):26)
	at com.kms.katalon.core.main.ScriptEngine.run(ScriptEngine.java:194)
	at com.kms.katalon.core.main.ScriptEngine.runScriptAsRawText(ScriptEngine.java:119)
	at com.kms.katalon.core.main.TestCaseExecutor.runScript(TestCaseExecutor.java:442)
	at com.kms.katalon.core.main.TestCaseExecutor.doExecute(TestCaseExecutor.java:433)
	at com.kms.katalon.core.main.TestCaseExecutor.processExecutionPhase(TestCaseExecutor.java:412)
	at com.kms.katalon.core.main.TestCaseExecutor.accessMainPhase(TestCaseExecutor.java:404)
	at com.kms.katalon.core.main.TestCaseExecutor.execute(TestCaseExecutor.java:281)
	at com.kms.katalon.core.main.TestCaseExecutor.execute(TestCaseExecutor.java:363)
	at com.kms.katalon.core.main.TestCaseExecutor.execute(TestCaseExecutor.java:363)
	at com.kms.katalon.core.main.TestCaseExecutor.execute(TestCaseExecutor.java:363)
	at com.kms.katalon.core.main.TestSuiteExecutor.accessTestCaseMainPhase(TestSuiteExecutor.java:202)
	at com.kms.katalon.core.main.TestSuiteExecutor.accessTestSuiteMainPhase(TestSuiteExecutor.java:164)
	at com.kms.katalon.core.main.TestSuiteExecutor.execute(TestSuiteExecutor.java:105)
	at com.kms.katalon.core.main.TestCaseMain.startTestSuite(TestCaseMain.java:185)
	at com.kms.katalon.core.main.TestCaseMain$startTestSuite$0.call(Unknown Source)
	at TempTestSuite1647856195164.run(TempTestSuite1647856195164.groovy:36)
"/>
         <system-out><![CDATA[2022-03-21 15:20:15 - [TEST_CASE][ERROR] - Test Cases/Poonam Test Case (10): Test Cases/Poonam Test Case (10) FAILED.
Reason:
groovy.lang.MissingPropertyException: No such property: findTestObject for class: Script1647853614048
	at Poonam Test Case (10).run(Poonam Test Case (10):26)
	at com.kms.katalon.core.main.ScriptEngine.run(ScriptEngine.java:194)
	at com.kms.katalon.core.main.ScriptEngine.runScriptAsRawText(ScriptEngine.java:119)
	at com.kms.katalon.core.main.TestCaseExecutor.runScript(TestCaseExecutor.java:442)
	at com.kms.katalon.core.main.TestCaseExecutor.doExecute(TestCaseExecutor.java:433)
	at com.kms.katalon.core.main.TestCaseExecutor.processExecutionPhase(TestCaseExecutor.java:412)
	at com.kms.katalon.core.main.TestCaseExecutor.accessMainPhase(TestCaseExecutor.java:404)
	at com.kms.katalon.core.main.TestCaseExecutor.execute(TestCaseExecutor.java:281)
	at com.kms.katalon.core.main.TestCaseExecutor.execute(TestCaseExecutor.java:363)
	at com.kms.katalon.core.main.TestCaseExecutor.execute(TestCaseExecutor.java:363)
	at com.kms.katalon.core.main.TestCaseExecutor.execute(TestCaseExecutor.java:363)
	at com.kms.katalon.core.main.TestSuiteExecutor.accessTestCaseMainPhase(TestSuiteExecutor.java:202)
	at com.kms.katalon.core.main.TestSuiteExecutor.accessTestSuiteMainPhase(TestSuiteExecutor.java:164)
	at com.kms.katalon.core.main.TestSuiteExecutor.execute(TestSuiteExecutor.java:105)
	at com.kms.katalon.core.main.TestCaseMain.startTestSuite(TestCaseMain.java:185)
	at com.kms.katalon.core.main.TestCaseMain$startTestSuite$0.call(Unknown Source)
	at TempTestSuite1647856195164.run(TempTestSuite1647856195164.groovy:36)


2022-03-21 15:20:15 - [TEST_STEP][PASSED] - openBrowser(""): Browser is opened with url: ''

2022-03-21 15:20:15 - [MESSAGE][WARNING] - A browser is already opened. Closing browser and opening a new one

2022-03-21 15:20:16 - [MESSAGE][INFO] - Starting 'Chrome' driver

2022-03-21 15:20:16 - [MESSAGE][INFO] - Action delay is set to 0 milliseconds

2022-03-21 15:20:17 - [MESSAGE][PASSED] - Browser is opened with url: ''

2022-03-21 15:20:17 - [TEST_STEP][PASSED] - maximizeWindow(): Current window maximized

2022-03-21 15:20:17 - [MESSAGE][PASSED] - Current window maximized

2022-03-21 15:20:17 - [TEST_STEP][ERROR] - clickImage(findTestObject): Test Cases/Poonam Test Case (10) FAILED.
Reason:
groovy.lang.MissingPropertyException: No such property: findTestObject for class: Script1647853614048
	at Poonam Test Case (10).run(Poonam Test Case (10):26)
	at com.kms.katalon.core.main.ScriptEngine.run(ScriptEngine.java:194)
	at com.kms.katalon.core.main.ScriptEngine.runScriptAsRawText(ScriptEngine.java:119)
	at com.kms.katalon.core.main.TestCaseExecutor.runScript(TestCaseExecutor.java:442)
	at com.kms.katalon.core.main.TestCaseExecutor.doExecute(TestCaseExecutor.java:433)
	at com.kms.katalon.core.main.TestCaseExecutor.processExecutionPhase(TestCaseExecutor.java:412)
	at com.kms.katalon.core.main.TestCaseExecutor.accessMainPhase(TestCaseExecutor.java:404)
	at com.kms.katalon.core.main.TestCaseExecutor.execute(TestCaseExecutor.java:281)
	at com.kms.katalon.core.main.TestCaseExecutor.execute(TestCaseExecutor.java:363)
	at com.kms.katalon.core.main.TestCaseExecutor.execute(TestCaseExecutor.java:363)
	at com.kms.katalon.core.main.TestCaseExecutor.execute(TestCaseExecutor.java:363)
	at com.kms.katalon.core.main.TestSuiteExecutor.accessTestCaseMainPhase(TestSuiteExecutor.java:202)
	at com.kms.katalon.core.main.TestSuiteExecutor.accessTestSuiteMainPhase(TestSuiteExecutor.java:164)
	at com.kms.katalon.core.main.TestSuiteExecutor.execute(TestSuiteExecutor.java:105)
	at com.kms.katalon.core.main.TestCaseMain.startTestSuite(TestCaseMain.java:185)
	at com.kms.katalon.core.main.TestCaseMain$startTestSuite$0.call(Unknown Source)
	at TempTestSuite1647856195164.run(TempTestSuite1647856195164.groovy:36)


2022-03-21 15:20:17 - [MESSAGE][ERROR] - Test Cases/Poonam Test Case (10) FAILED.
Reason:
groovy.lang.MissingPropertyException: No such property: findTestObject for class: Script1647853614048
	at Poonam Test Case (10).run(Poonam Test Case (10):26)
	at com.kms.katalon.core.main.ScriptEngine.run(ScriptEngine.java:194)
	at com.kms.katalon.core.main.ScriptEngine.runScriptAsRawText(ScriptEngine.java:119)
	at com.kms.katalon.core.main.TestCaseExecutor.runScript(TestCaseExecutor.java:442)
	at com.kms.katalon.core.main.TestCaseExecutor.doExecute(TestCaseExecutor.java:433)
	at com.kms.katalon.core.main.TestCaseExecutor.processExecutionPhase(TestCaseExecutor.java:412)
	at com.kms.katalon.core.main.TestCaseExecutor.accessMainPhase(TestCaseExecutor.java:404)
	at com.kms.katalon.core.main.TestCaseExecutor.execute(TestCaseExecutor.java:281)
	at com.kms.katalon.core.main.TestCaseExecutor.execute(TestCaseExecutor.java:363)
	at com.kms.katalon.core.main.TestCaseExecutor.execute(TestCaseExecutor.java:363)
	at com.kms.katalon.core.main.TestCaseExecutor.execute(TestCaseExecutor.java:363)
	at com.kms.katalon.core.main.TestSuiteExecutor.accessTestCaseMainPhase(TestSuiteExecutor.java:202)
	at com.kms.katalon.core.main.TestSuiteExecutor.accessTestSuiteMainPhase(TestSuiteExecutor.java:164)
	at com.kms.katalon.core.main.TestSuiteExecutor.execute(TestSuiteExecutor.java:105)
	at com.kms.katalon.core.main.TestCaseMain.startTestSuite(TestCaseMain.java:185)
	at com.kms.katalon.core.main.TestCaseMain$startTestSuite$0.call(Unknown Source)
	at TempTestSuite1647856195164.run(TempTestSuite1647856195164.groovy:36)]]></system-out>
         <system-err><![CDATA[2022-03-21 15:20:15 - [TEST_CASE][ERROR] - Test Cases/Poonam Test Case (10): Test Cases/Poonam Test Case (10) FAILED.
Reason:
groovy.lang.MissingPropertyException: No such property: findTestObject for class: Script1647853614048
	at Poonam Test Case (10).run(Poonam Test Case (10):26)
	at com.kms.katalon.core.main.ScriptEngine.run(ScriptEngine.java:194)
	at com.kms.katalon.core.main.ScriptEngine.runScriptAsRawText(ScriptEngine.java:119)
	at com.kms.katalon.core.main.TestCaseExecutor.runScript(TestCaseExecutor.java:442)
	at com.kms.katalon.core.main.TestCaseExecutor.doExecute(TestCaseExecutor.java:433)
	at com.kms.katalon.core.main.TestCaseExecutor.processExecutionPhase(TestCaseExecutor.java:412)
	at com.kms.katalon.core.main.TestCaseExecutor.accessMainPhase(TestCaseExecutor.java:404)
	at com.kms.katalon.core.main.TestCaseExecutor.execute(TestCaseExecutor.java:281)
	at com.kms.katalon.core.main.TestCaseExecutor.execute(TestCaseExecutor.java:363)
	at com.kms.katalon.core.main.TestCaseExecutor.execute(TestCaseExecutor.java:363)
	at com.kms.katalon.core.main.TestCaseExecutor.execute(TestCaseExecutor.java:363)
	at com.kms.katalon.core.main.TestSuiteExecutor.accessTestCaseMainPhase(TestSuiteExecutor.java:202)
	at com.kms.katalon.core.main.TestSuiteExecutor.accessTestSuiteMainPhase(TestSuiteExecutor.java:164)
	at com.kms.katalon.core.main.TestSuiteExecutor.execute(TestSuiteExecutor.java:105)
	at com.kms.katalon.core.main.TestCaseMain.startTestSuite(TestCaseMain.java:185)
	at com.kms.katalon.core.main.TestCaseMain$startTestSuite$0.call(Unknown Source)
	at TempTestSuite1647856195164.run(TempTestSuite1647856195164.groovy:36)]]></system-err>
      </testcase>
      <system-out><![CDATA[2022-03-21 15:19:58 - [TEST_SUITE][ERROR] - Login and reg: Test Cases/Poonam Test Case (10) FAILED.
Reason:
groovy.lang.MissingPropertyException: No such property: findTestObject for class: Script1647853614048
	at Poonam Test Case (10).run(Poonam Test Case (10):26)
	at com.kms.katalon.core.main.ScriptEngine.run(ScriptEngine.java:194)
	at com.kms.katalon.core.main.ScriptEngine.runScriptAsRawText(ScriptEngine.java:119)
	at com.kms.katalon.core.main.TestCaseExecutor.runScript(TestCaseExecutor.java:442)
	at com.kms.katalon.core.main.TestCaseExecutor.doExecute(TestCaseExecutor.java:433)
	at com.kms.katalon.core.main.TestCaseExecutor.processExecutionPhase(TestCaseExecutor.java:412)
	at com.kms.katalon.core.main.TestCaseExecutor.accessMainPhase(TestCaseExecutor.java:404)
	at com.kms.katalon.core.main.TestCaseExecutor.execute(TestCaseExecutor.java:281)
	at com.kms.katalon.core.main.TestSuiteExecutor.accessTestCaseMainPhase(TestSuiteExecutor.java:202)
	at com.kms.katalon.core.main.TestSuiteExecutor.accessTestSuiteMainPhase(TestSuiteExecutor.java:164)
	at com.kms.katalon.core.main.TestSuiteExecutor.execute(TestSuiteExecutor.java:105)
	at com.kms.katalon.core.main.TestCaseMain.startTestSuite(TestCaseMain.java:185)
	at com.kms.katalon.core.main.TestCaseMain$startTestSuite$0.call(Unknown Source)
	at TempTestSuite1647856195164.run(TempTestSuite1647856195164.groovy:36)]]></system-out>
      <system-err><![CDATA[2022-03-21 15:19:58 - [TEST_SUITE][ERROR] - Login and reg: Test Cases/Poonam Test Case (10) FAILED.
Reason:
groovy.lang.MissingPropertyException: No such property: findTestObject for class: Script1647853614048
	at Poonam Test Case (10).run(Poonam Test Case (10):26)
	at com.kms.katalon.core.main.ScriptEngine.run(ScriptEngine.java:194)
	at com.kms.katalon.core.main.ScriptEngine.runScriptAsRawText(ScriptEngine.java:119)
	at com.kms.katalon.core.main.TestCaseExecutor.runScript(TestCaseExecutor.java:442)
	at com.kms.katalon.core.main.TestCaseExecutor.doExecute(TestCaseExecutor.java:433)
	at com.kms.katalon.core.main.TestCaseExecutor.processExecutionPhase(TestCaseExecutor.java:412)
	at com.kms.katalon.core.main.TestCaseExecutor.accessMainPhase(TestCaseExecutor.java:404)
	at com.kms.katalon.core.main.TestCaseExecutor.execute(TestCaseExecutor.java:281)
	at com.kms.katalon.core.main.TestSuiteExecutor.accessTestCaseMainPhase(TestSuiteExecutor.java:202)
	at com.kms.katalon.core.main.TestSuiteExecutor.accessTestSuiteMainPhase(TestSuiteExecutor.java:164)
	at com.kms.katalon.core.main.TestSuiteExecutor.execute(TestSuiteExecutor.java:105)
	at com.kms.katalon.core.main.TestCaseMain.startTestSuite(TestCaseMain.java:185)
	at com.kms.katalon.core.main.TestCaseMain$startTestSuite$0.call(Unknown Source)
	at TempTestSuite1647856195164.run(TempTestSuite1647856195164.groovy:36)]]></system-err>
   </testsuite>
</testsuites>
